1514764800, 1, 16, 12, 12, 7, 14, 71, 154, 127, 142, 109, 87
1514851200, 83, 157, 184, 96, 78, 172, 462, 835, 746, 745, 610, 509
1514937600, 361, 286, 191, 101, 74, 202, 536, 938, 905, 1169, 905, 756
1515024000, 461, 374, 187, 103, 108, 213, 519, 870, 700, 668, 579, 366
1515110400, 359, 500, 360, 143, 121, 284, 759, 1319, 1096, 1201, 1059, 597
1515196800, 429, 355, 190, 135, 83, 162, 476, 517, 250, 160, 82, 56
1515283200, 36, 28, 25, 12, 18, 28, 88, 296, 248, 149, 133, 126
1515369600, 63, 208, 134, 86, 49, 133, 569, 944, 898, 959, 831, 906
1515456000, 623, 426, 280, 134, 90, 165, 683, 1338, 1177, 838, 580, 543
1515542400, 313, 304, 162, 100, 57, 120, 411, 865, 732, 631, 692, 672
1515628800, 409, 309, 177, 102, 63, 168, 748, 1066, 1129, 687, 494, 451
1515715200, 408, 436, 343, 175, 126, 274, 702, 913, 780, 928, 601, 402
1515801600, 286, 361, 314, 157, 88, 202, 423, 480, 158, 114, 316, 340
1515888000, 227, 217, 173, 85, 70, 82, 270, 556, 494, 302, 90, 103
1515974400, 58, 170, 123, 74, 53, 107, 283, 629, 536, 381, 271, 135
1516060800, 421, 374, 242, 147, 71, 174, 627, 977, 1005, 787, 602, 187
1516147200, 135, 149, 170, 65, 50, 151, 681, 1047, 1084, 1077, 687, 392
1516233600, 213, 137, 74, 39, 31, 41, 105, 189, 243, 240, 220, 271
1516320000, 182, 229, 220, 120, 64, 210, 583, 985, 806, 653, 525, 463
1516406400, 290, 315, 290, 167, 91, 216, 407, 392, 324, 342, 484, 439
1516492800, 391, 323, 211, 139, 78, 122, 226, 330, 658, 362, 296, 102
1516579200, 132, 349, 215, 86, 77, 230, 518, 844, 963, 916, 566, 499
1516665600, 502, 431, 260, 89, 92, 192, 658, 1244, 1114, 765, 665, 490
1516752000, 498, 358, 327, 150, 107, 307, 709, 1152, 847, 880, 604, 450
1516838400, 465, 500, 269, 143, 124, 273, 731, 1076, 996, 1048, 848, 794
1516924800, 638, 877, 474, 225, 174, 340, 761, 804, 728, 479, 384, 322
1517011200, 296, 205, 156, 91, 61, 117, 261, 458, 348, 165, 204, 225
1517097600, 304, 244, 165, 83, 29, 49, 194, 356, 383, 221, 216, 128
1517184000, 113, 383, 196, 103, 109, 193, 742, 1259, 1115, 957, 542, 566
1517270400, 744, 626, 359, 169, 109, 277, 657, 1282, 991, 550, 505, 460
1517356800, 374, 291, 134, 65, 32, 62, 169, 271, 253, 161, 70, 44
1517443200, 61, 76, 148, 84, 58, 160, 576, 727, 744, 568, 663, 461
1517529600, 402, 448, 349, 186, 145, 347, 970, 1456, 1050, 1145, 746, 619
1517616000, 418, 330, 324, 164, 92, 210, 470, 533, 383, 356, 369, 271
1517702400, 230, 227, 107, 66, 45, 83, 305, 465, 347, 188, 228, 153
1517788800, 90, 241, 238, 131, 65, 137, 646, 1146, 1429, 1062, 1030, 769
1517875200, 454, 279, 212, 108, 68, 191, 666, 904, 828, 640, 846, 637
1517961600, 493, 338, 209, 114, 83, 219, 762, 1114, 925, 779, 528, 364
1518048000, 250, 396, 224, 129, 107, 228, 656, 1044, 792, 579, 545, 474
1518134400, 504, 420, 311, 164, 114, 263, 483, 705, 624, 607, 552, 693
1518220800, 409, 424, 401, 199, 140, 271, 717, 680, 466, 259, 263, 289
1518307200, 422, 377, 311, 156, 98, 175, 357, 525, 457, 216, 423, 393
1518393600, 267, 262, 201, 100, 53, 173, 731, 885, 888, 1093, 707, 487
1518480000, 389, 393, 252, 113, 63, 185, 591, 961, 1240, 956, 726, 686
1518566400, 446, 347, 211, 111, 63, 166, 446, 1068, 1227, 1043, 1028, 735
1518652800, 451, 557, 383, 206, 134, 320, 1110, 1559, 1186, 745, 868, 758
1518739200, 550, 394, 336, 235, 153, 359, 1039, 1289, 1124, 1112, 1156, 592
1518825600, 330, 359, 255, 205, 121, 220, 561, 677, 370, 131, 475, 460
1518912000, 489, 451, 291, 166, 115, 205, 450, 637, 381, 116, 68, 52
1518998400, 109, 241, 177, 97, 62, 144, 394, 654, 508, 301, 121, 127
1519084800, 145, 311, 179, 117, 73, 191, 692, 1074, 1151, 893, 788, 696
1519171200, 531, 431, 303, 165, 109, 273, 781, 1535, 1244, 687, 760, 765
1519257600, 385, 397, 351, 157, 132, 245, 667, 1181, 1074, 682, 463, 399
1519344000, 386, 451, 418, 200, 143, 386, 1170, 1649, 1509, 1171, 897, 642
1519430400, 368, 238, 205, 121, 80, 140, 317, 443, 254, 159, 273, 332
1519516800, 323, 260, 201, 126, 67, 119, 404, 469, 477, 329, 154, 111
1519603200, 132, 338, 214, 116, 70, 197, 715, 1128, 1089, 979, 487, 480
1519689600, 684, 610, 373, 191, 145, 300, 840, 1164, 960, 646, 713, 984
1519776000, 503, 376, 241, 124, 87, 224, 343, 497, 353, 303, 182, 66
1519862400, 65, 60, 26, 11, 7, 5, 24, 35, 81, 61, 18, 17
1519948800, 16, 12, 3, 5, 3, 3, 17, 31, 14, 14, 11, 11
1520035200, 12, 9, 6, 3, 2, 2, 8, 14, 15, 13, 11, 10
1520121600, 7, 0, 3, 3, 0, 4, 10, 16, 7, 11, 15, 4
1520208000, 7, 3, 5, 0, 0, 2, 6, 8, 5, 15, 6, 3
1520294400, 6, 5, 5, 1, 0, 1, 7, 34, 13, 33, 21, 11
1520380800, 4, 6, 2, 7, 2, 1, 3, 6, 10, 5, 7, 0
1520467200, 1, 1, 1, 0, 0, 1, 16, 8, 17, 11, 3, 1
1520553600, 4, 3, 4, 0, 0, 2, 0, 1, 3, 4, 5, 2
1520640000, 2, 0, 1, 0, 0, 0, 0, 1, 1, 2, 1, 3
1520726400, 0, 2, 0, 0, 0, 1, 0, 1, 1, 2, 1, 0
1520812800, 1, 1, 1, 0, 2, 0, 0, 3, 8, 3, 1, 0
1520899200, 1, 6, 2, 0, 0, 0, 2, 1, 0, 3, 2, 0
1520985600, 0, 2, 0, 0, 0, 0, 1, 3, 2, 1, 1, 1
1521072000, 2, 0, 0, 0, 0, 0, 0, 13, 3, 1, 0, 5
1521158400, 1, 2, 0, 0, 0, 0, 1, 1, 0, 0, 0, 0
1521244800, 0, 1, 0, 0, 0, 0, 0, 1, 0, 0, 0, 0
1521331200, 1, 0, 0, 0, 1, 0, 1, 1, 0, 0, 1, 0
1521417600, 2, 1, 0, 1, 0, 0, 2, 0, 3, 2, 1, 0
1521504000, 1, 1, 0, 0, 0, 0, 0, 2, 2, 0, 1, 0
1521590400, 2, 0, 0, 1, 0, 1, 0, 1, 0, 1, 0, 0
1521676800, 0, 0, 0, 1, 0, 0, 3, 1, 1, 0, 1, 0
1521763200, 4, 0, 0, 0, 1, 2, 0, 2, 5, 6, 4, 2
1521849600, 1, 1, 1, 0, 0, 0, 0, 0, 1, 0, 1, 0
1521936000, 1, 0, 0, 0, 1, 0, 1, 0, 2, 3, 2, 0
1522022400, 2, 1, 0, 0, 0, 0, 1, 5, 1, 1, 1, 1
1522108800, 7, 3, 2, 0, 1, 0, 2, 5, 0, 2, 0, 3
1522195200, 5, 1, 0, 1, 2, 0, 0, 1, 3, 1, 3, 1
1522281600, 2, 2, 0, 0, 0, 0, 1, 1, 3, 2, 1, 0
1522368000, 1, 1, 0, 0, 0, 0, 0, 1, 0, 0, 0, 0
1522454400, 0, 0, 0, 0, 0, 0, 1, 1, 2, 0, 0, 2
1522540800, 0, 0, 1, 0, 0, 0, 0, 2, 1, 1, 0, 0
1522627200, 1, 1, 0, 0, 0, 0, 0, 3, 2, 0, 1, 2
1522713600, 1, 0, 0, 0, 0, 0, 3, 3, 4, 0, 1, 0
1522800000, 0, 1, 1, 0, 0, 1, 2, 1, 1, 0, 1, 0
1522886400, 1, 0, 0, 0, 1, 0, 1, 2, 2, 0, 1, 1
1522972800, 1, 0, 1, 0, 0, 1, 0, 0, 0, 1, 0, 0
1523059200, 1, 0, 1, 0, 0, 0, 0, 1, 0, 0, 0, 0
1523145600, 0, 0, 0, 0, 0, 1, 1, 0, 0, 0, 0, 0
1523232000, 0, 0, 0, 0, 0, 0, 1, 2, 2, 0, 1, 0
1523318400, 0, 0, 1, 0, 0, 0, 0, 1, 1, 1, 0, 0
1523404800, 0, 0, 0, 20, 1, 0, 2, 2, 0, 1, 1, 0
1523491200, 1, 2, 0, 0, 0, 0, 0, 0, 0, 2, 0, 1
1523577600, 0, 0, 0, 0, 0, 0, 0, 2, 1, 0, 0, 1
1523664000, 0, 0, 0, 0, 0, 0, 0, 0, 0, 1, 0, 0
1523750400, 0, 0, 0, 0, 0, 0, 0, 1, 0, 1, 0, 1
1523836800, 1, 0, 0, 1, 0, 0, 0, 1, 1, 1, 0, 2
1523923200, 0, 0, 0, 1, 0, 1, 0, 3, 1, 1, 2, 1
